<?xml version="1.0" encoding="utf-8"?><testsuites name="pytest tests"><testsuite name="pytest" errors="0" failures="0" skipped="0" tests="23" time="3.046" timestamp="2026-04-12T17:14:32.423439+00:00" hostname="agent-env-c951438c-fcdd-4ae4-a761-c6e5ac7609e8"><testcase classname="tests.test_backend_api.TestAuth" name="test_admin_login_success" time="0.471" /><testcase classname="tests.test_backend_api.TestAuth" name="test_login_invalid_credentials" time="0.274" /><testcase classname="tests.test_backend_api.TestAuth" name="test_register_new_user" time="0.276" /><testcase classname="tests.test_backend_api.TestAuth" name="test_register_duplicate_email" time="0.052" /><testcase classname="tests.test_backend_api.TestAuth" name="test_get_current_user" time="0.318" /><testcase classname="tests.test_backend_api.TestAuth" name="test_get_me_without_token" time="0.048" /><testcase classname="tests.test_backend_api.TestCategories" name="test_get_all_categories" time="0.051" /><testcase classname="tests.test_backend_api.TestCategories" name="test_get_category_by_id" time="0.118" /><testcase classname="tests.test_backend_api.TestCategories" name="test_get_nonexistent_category" time="0.052" /><testcase classname="tests.test_backend_api.TestProducts" name="test_get_all_products" time="0.048" /><testcase classname="tests.test_backend_api.TestProducts" name="test_get_featured_products" time="0.060" /><testcase classname="tests.test_backend_api.TestProducts" name="test_get_products_by_category" time="0.104" /><testcase classname="tests.test_backend_api.TestProducts" name="test_search_products" time="0.048" /><testcase classname="tests.test_backend_api.TestProducts" name="test_get_product_by_id" time="0.093" /><testcase classname="tests.test_backend_api.TestProducts" name="test_get_nonexistent_product" time="0.097" /><testcase classname="tests.test_backend_api.TestCart" name="test_get_empty_cart" time="0.342" /><testcase classname="tests.test_backend_api.TestCart" name="test_add_to_cart_and_verify" time="0.173" /><testcase classname="tests.test_backend_api.TestCart" name="test_add_to_cart_without_auth" time="0.052" /><testcase classname="tests.test_backend_api.TestCart" name="test_add_invalid_product_to_cart" time="0.050" /><testcase classname="tests.test_backend_api.TestAddresses" name="test_get_addresses" time="0.075" /><testcase classname="tests.test_backend_api.TestAddresses" name="test_create_address_and_verify" time="0.098" /><testcase classname="tests.test_backend_api.TestAddresses" name="test_create_address_without_auth" time="0.046" /><testcase classname="tests.test_backend_api" name="test_summary" time="0.001" /></testsuite></testsuites>