<?xml version="1.0" encoding="utf-8"?><testsuites name="pytest tests"><testsuite name="pytest" errors="0" failures="0" skipped="0" tests="17" time="2.611" timestamp="2026-04-12T18:02:03.725355+00:00" hostname="agent-env-c951438c-fcdd-4ae4-a761-c6e5ac7609e8"><testcase classname="tests.test_notifications_and_images.TestPushNotifications" name="test_register_push_token" time="0.677" /><testcase classname="tests.test_notifications_and_images.TestPushNotifications" name="test_register_token_without_auth" time="0.077" /><testcase classname="tests.test_notifications_and_images.TestPushNotifications" name="test_get_notifications" time="0.053" /><testcase classname="tests.test_notifications_and_images.TestPushNotifications" name="test_get_unread_count" time="0.047" /><testcase classname="tests.test_notifications_and_images.TestPushNotifications" name="test_mark_all_read" time="0.104" /><testcase classname="tests.test_notifications_and_images.TestPushNotifications" name="test_notifications_without_auth" time="0.047" /><testcase classname="tests.test_notifications_and_images.TestAdminNotifications" name="test_broadcast_notification" time="0.419" /><testcase classname="tests.test_notifications_and_images.TestAdminNotifications" name="test_broadcast_without_title" time="0.048" /><testcase classname="tests.test_notifications_and_images.TestAdminNotifications" name="test_broadcast_without_admin" time="0.046" /><testcase classname="tests.test_notifications_and_images.TestImageUpload" name="test_upload_image" time="0.054" /><testcase classname="tests.test_notifications_and_images.TestImageUpload" name="test_retrieve_uploaded_image" time="0.098" /><testcase classname="tests.test_notifications_and_images.TestImageUpload" name="test_retrieve_nonexistent_image" time="0.050" /><testcase classname="tests.test_notifications_and_images.TestImageUpload" name="test_upload_without_admin" time="0.058" /><testcase classname="tests.test_notifications_and_images.TestImageUpload" name="test_upload_without_auth" time="0.065" /><testcase classname="tests.test_notifications_and_images.TestNotificationIntegration" name="test_notification_on_order_create" time="0.390" /><testcase classname="tests.test_notifications_and_images.TestNotificationIntegration" name="test_notification_on_order_status_change" time="0.273" /><testcase classname="tests.test_notifications_and_images" name="test_summary" time="0.001" /></testsuite></testsuites>